Nov-26 00:36:17.855 [main] DEBUG nextflow.cli.Launcher - $> nextflow run main.nf
Nov-26 00:36:18.027 [main] DEBUG nextflow.cli.CmdRun - N E X T F L O W  ~  version 25.10.0
Nov-26 00:36:18.138 [main] DEBUG nextflow.config.ConfigBuilder - Found config local: /Users/billytrim/Desktop/summer-project/genome-assembly-nf/nextflow.config
Nov-26 00:36:18.144 [main] DEBUG nextflow.config.ConfigBuilder - Parsing config file: /Users/billytrim/Desktop/summer-project/genome-assembly-nf/nextflow.config
Nov-26 00:36:18.261 [main] DEBUG nextflow.config.ConfigBuilder - Applying config profile: `standard`
Nov-26 00:36:18.950 [main] DEBUG nextflow.plugin.PluginsFacade - Setting up plugin manager > mode=prod; embedded=false; plugins-dir=/Users/billytrim/.nextflow/plugins; core-plugins: nf-amazon@3.4.1,nf-azure@1.20.2,nf-cloudcache@0.5.0,nf-codecommit@0.5.0,nf-console@1.3.0,nf-google@1.23.3,nf-k8s@1.2.2,nf-tower@1.17.1,nf-wave@1.16.1
Nov-26 00:36:18.967 [main] INFO  o.pf4j.DefaultPluginStatusProvider - Enabled plugins: []
Nov-26 00:36:18.968 [main] INFO  o.pf4j.DefaultPluginStatusProvider - Disabled plugins: []
Nov-26 00:36:18.972 [main] INFO  org.pf4j.DefaultPluginManager - PF4J version 3.12.0 in 'deployment' mode
Nov-26 00:36:19.024 [main] DEBUG nextflow.util.RetryConfig - Missing nextflow session - using default retry config
Nov-26 00:36:19.389 [main] INFO  org.pf4j.AbstractPluginManager - No plugins
Nov-26 00:36:19.393 [main] DEBUG nextflow.plugin.PluginsFacade - Plugins default=[]
Nov-26 00:36:19.393 [main] DEBUG nextflow.plugin.PluginsFacade - Plugins resolved requirement=[]
Nov-26 00:36:19.430 [main] DEBUG n.secret.LocalSecretsProvider - Secrets store: /Users/billytrim/.nextflow/secrets/store.json
Nov-26 00:36:19.436 [main] DEBUG nextflow.secret.SecretsLoader - Discovered secrets providers: [nextflow.secret.LocalSecretsProvider@6a818392] - activable => nextflow.secret.LocalSecretsProvider@6a818392
Nov-26 00:36:19.462 [main] DEBUG nextflow.cli.CmdRun - Applied DSL=2 from script declaration
Nov-26 00:36:19.496 [main] DEBUG nextflow.cli.CmdRun - Launching `main.nf` [zen_bohr] DSL2 - revision: 69b1c5b4ba
Nov-26 00:36:19.606 [main] DEBUG nextflow.Session - Session UUID: 043f3273-9041-4b41-b72c-80488dd1a859
Nov-26 00:36:19.606 [main] DEBUG nextflow.Session - Run name: zen_bohr
Nov-26 00:36:19.607 [main] DEBUG nextflow.Session - Executor pool size: 8
Nov-26 00:36:19.620 [main] DEBUG nextflow.file.FilePorter - File porter settings maxRetries=3; maxTransfers=50; pollTimeout=null
Nov-26 00:36:19.632 [main] DEBUG nextflow.util.ThreadPoolBuilder - Creating thread pool 'FileTransfer' minSize=10; maxSize=24; workQueue=LinkedBlockingQueue[-1]; allowCoreThreadTimeout=false
Nov-26 00:36:19.695 [main] DEBUG nextflow.cli.CmdRun - 
  Version: 25.10.0 build 0
  Created: 22-10-2025 15:12 UTC (23-10-2025 01:42 ACDT)
  System: Mac OS X 15.6.1
  Runtime: Groovy 4.0.28 on OpenJDK 64-Bit Server VM 25.0.1
  Encoding: UTF-8 (UTF-8)
  Process: 14138@zik.local [127.0.0.1]
  CPUs: 8 - Mem: 8 GB (100.1 MB) - Swap: 9 GB (1.3 GB)
Nov-26 00:36:19.725 [main] DEBUG nextflow.Session - Work-dir: /Users/billytrim/Desktop/summer-project/genome-assembly-nf/work [Mac OS X]
Nov-26 00:36:19.754 [main] DEBUG nextflow.executor.ExecutorFactory - Extension executors providers=[]
Nov-26 00:36:19.769 [main] DEBUG nextflow.Session - Observer factory (v2): LinObserverFactory
Nov-26 00:36:19.773 [main] DEBUG nextflow.Session - Observer factory (v2): DefaultObserverFactory
Nov-26 00:36:19.852 [main] DEBUG nextflow.cache.CacheFactory - Using Nextflow cache factory: nextflow.cache.DefaultCacheFactory
Nov-26 00:36:19.874 [main] DEBUG nextflow.util.CustomThreadPool - Creating default thread pool > poolSize: 9; maxThreads: 1000
Nov-26 00:36:20.053 [main] DEBUG nextflow.Session - Session start
Nov-26 00:36:20.983 [main] DEBUG nextflow.script.ScriptRunner - > Launching execution
Nov-26 00:36:21.840 [main] DEBUG nextflow.executor.ExecutorFactory - << taskConfig executor: null
Nov-26 00:36:21.847 [main] DEBUG nextflow.executor.ExecutorFactory - >> processorType: 'local'
Nov-26 00:36:21.912 [main] DEBUG nextflow.executor.Executor - [warm up] executor > local
Nov-26 00:36:21.942 [main] DEBUG n.processor.LocalPollingMonitor - Creating local task monitor for executor 'local' > cpus=8; memory=8 GB; capacity=8; pollInterval=100ms; dumpInterval=5m
Nov-26 00:36:21.951 [main] DEBUG n.processor.TaskPollingMonitor - >>> barrier register (monitor: local)
Nov-26 00:36:22.083 [main] DEBUG nextflow.processor.TaskProcessor - Creating process 'ASSESS_ORIGINAL_GENOME_QC': maxForks=0; fair=false; array=0
Nov-26 00:36:22.174 [main] DEBUG nextflow.Session - Workflow process names [dsl2]: ASSESS_ORIGINAL_GENOME_QC
Nov-26 00:36:22.178 [main] DEBUG nextflow.Session - Igniting dataflow network (2)
Nov-26 00:36:22.193 [main] DEBUG nextflow.processor.TaskProcessor - Starting process > ASSESS_ORIGINAL_GENOME_QC
Nov-26 00:36:22.199 [main] DEBUG nextflow.script.ScriptRunner - Parsed script files:
  Script_62fd4b3a0eb5aa0c: /Users/billytrim/Desktop/summer-project/genome-assembly-nf/main.nf
Nov-26 00:36:22.202 [main] DEBUG nextflow.script.ScriptRunner - > Awaiting termination 
Nov-26 00:36:22.202 [main] DEBUG nextflow.Session - Session await
Nov-26 00:36:22.730 [Actor Thread 8] DEBUG nextflow.util.HashBuilder - Unable to get file attributes file: /Users/billytrim/Desktop/summer-project/genome-assembly-nf/input_data/sample_hic_1.fastq.gz -- Cause: java.nio.file.NoSuchFileException: /Users/billytrim/Desktop/summer-project/genome-assembly-nf/input_data/sample_hic_1.fastq.gz
Nov-26 00:36:22.734 [Actor Thread 8] DEBUG nextflow.util.HashBuilder - Unable to get file attributes file: /Users/billytrim/Desktop/summer-project/genome-assembly-nf/input_data/sample_hic_2.fastq.gz -- Cause: java.nio.file.NoSuchFileException: /Users/billytrim/Desktop/summer-project/genome-assembly-nf/input_data/sample_hic_2.fastq.gz
Nov-26 00:36:23.030 [Task submitter] DEBUG n.executor.local.LocalTaskHandler - Launch cmd line: /bin/bash -ue .command.run
Nov-26 00:36:23.035 [Task submitter] INFO  nextflow.Session - [34/0be236] Submitted process > ASSESS_ORIGINAL_GENOME_QC (hmajor)
Nov-26 00:36:23.439 [Task monitor] DEBUG n.processor.TaskPollingMonitor - Task completed > TaskHandler[id: 1; name: ASSESS_ORIGINAL_GENOME_QC (hmajor); status: COMPLETED; exit: 0; error: -; workDir: /Users/billytrim/Desktop/summer-project/genome-assembly-nf/work/34/0be23671218dd4d1d38d377cb6dc51]
Nov-26 00:36:23.459 [Task monitor] DEBUG nextflow.util.ThreadPoolBuilder - Creating thread pool 'TaskFinalizer' minSize=10; maxSize=24; workQueue=LinkedBlockingQueue[-1]; allowCoreThreadTimeout=false
Nov-26 00:36:23.573 [TaskFinalizer-1] DEBUG nextflow.util.ThreadPoolBuilder - Creating thread pool 'PublishDir' minSize=10; maxSize=24; workQueue=LinkedBlockingQueue[-1]; allowCoreThreadTimeout=false
Nov-26 00:36:23.596 [main] DEBUG nextflow.Session - Session await > all processes finished
Nov-26 00:36:23.620 [Task monitor] DEBUG n.processor.TaskPollingMonitor - <<< barrier arrives (monitor: local) - terminating tasks monitor poll loop
Nov-26 00:36:23.623 [main] DEBUG nextflow.Session - Session await > all barriers passed
Nov-26 00:36:23.632 [main] DEBUG nextflow.util.ThreadPoolManager - Thread pool 'TaskFinalizer' shutdown completed (hard=false)
Nov-26 00:36:23.710 [main] DEBUG nextflow.util.ThreadPoolManager - Thread pool 'PublishDir' shutdown completed (hard=false)
Nov-26 00:36:23.839 [main] DEBUG n.trace.WorkflowStatsObserver - Workflow completed > WorkflowStats[succeededCount=1; failedCount=0; ignoredCount=0; cachedCount=0; pendingCount=0; submittedCount=0; runningCount=0; retriesCount=0; abortedCount=0; succeedDuration=273ms; failedDuration=0ms; cachedDuration=0ms;loadCpus=0; loadMemory=0; peakRunning=1; peakCpus=1; peakMemory=0; ]
Nov-26 00:36:24.339 [main] DEBUG nextflow.cache.CacheDB - Closing CacheDB done
Nov-26 00:36:24.415 [main] DEBUG nextflow.util.ThreadPoolManager - Thread pool 'FileTransfer' shutdown completed (hard=false)
Nov-26 00:36:24.420 [main] DEBUG nextflow.script.ScriptRunner - > Execution complete -- Goodbye
